<?xml version="1.0" encoding="UTF-8"?>
<!-- Generated by org.testng.reporters.JUnitReportReporter -->
<testsuite hostname="DESKTOP-TS533K8" failures="0" tests="1" name="test.SamKids_test" time="23.974" errors="0" timestamp="2023-12-30T08:42:30 IST" skipped="0">
  <testcase classname="test.SamKids_test" name="test" time="23.974"/>
  <system-out/>
</testsuite> <!-- test.SamKids_test -->
